0 info it worked if it ends with ok
1 verbose cli [ '/usr/local/Cellar/node/0.8.11/bin/node',
1 verbose cli   '/usr/local/bin/npm',
1 verbose cli   'version',
1 verbose cli   'patch' ]
2 info using npm@1.1.62
3 info using node@v0.8.11
4 silly exec git "status" "--porcelain"
5 silly git,status,--porcelain, spawning
6 error Error: Git working directory not clean.
6 error M bin/xetex.template
6 error     at /usr/local/Cellar/node/0.8.11/lib/node_modules/npm/lib/version.js:82:33
6 error     at ChildProcess.<anonymous> (/usr/local/Cellar/node/0.8.11/lib/node_modules/npm/lib/utils/exec.js:61:5)
6 error     at ChildProcess.EventEmitter.emit (events.js:96:17)
6 error     at Process._handle.onexit (child_process.js:678:10)
7 error If you need help, you may report this log at:
7 error     <http://github.com/isaacs/npm/issues>
7 error or email it to:
7 error     <npm-@googlegroups.com>
8 error System Darwin 11.4.0
9 error command "/usr/local/Cellar/node/0.8.11/bin/node" "/usr/local/bin/npm" "version" "patch"
10 error cwd /Users/zaccaria/Dropbox/Commuting/Ricercatore TI 2011/Lezioni/2012-2013 Informatica B/Esami/130717 Appello del 17 Luglio/testo/md2pdf
11 error node -v v0.8.11
12 error npm -v 1.1.62
13 verbose exit [ 1, true ]
